<?xml version="1.0" encoding="UTF-8"?>
<!-- Generated by org.testng.reporters.JUnitReportReporter -->
<testsuite hostname="system11" name="DriverFactory.AppTest" tests="1" failures="0" timestamp="18 Oct 2019 05:12:07 GMT" time="50.645" errors="0">
  <testcase name="ERP_Start" time="50.645" classname="DriverFactory.AppTest"/>
</testsuite> <!-- DriverFactory.AppTest -->
