<?xml version="1.0" encoding="UTF-8"?>
<!-- Generated by org.testng.reporters.JUnitReportReporter -->
<testsuite hostname="system11" name="DriverFactory.DataDrivenFramework" tests="1" failures="0" timestamp="25 Oct 2019 04:45:18 GMT" time="132.391" errors="0">
  <testcase name="suppliercreation" time="132.391" classname="DriverFactory.DataDrivenFramework"/>
</testsuite> <!-- DriverFactory.DataDrivenFramework -->
